#-----------------------------------------------------------
# Vivado v2018.3 (64-bit)
# SW Build 2405991 on Thu Dec  6 23:38:27 MST 2018
# IP Build 2404404 on Fri Dec  7 01:43:56 MST 2018
# Start of session at: Tue Jan 12 21:45:56 2021
# Process ID: 11716
# Current directory: E:/zynq7010/zynq7010_fpga
# Command line: vivado.exe -gui_launcher_event rodinguilauncherevent4856 E:\zynq7010\zynq7010_fpga\zynq7010_fpga.xpr
# Log file: E:/zynq7010/zynq7010_fpga/vivado.log
# Journal file: E:/zynq7010/zynq7010_fpga\vivado.jou
#-----------------------------------------------------------
start_gui
open_project E:/zynq7010/zynq7010_fpga/zynq7010_fpga.xpr
Scanning sources...
Finished scanning sources
INFO: [IP_Flow 19-234] Refreshing IP repositories
INFO: [IP_Flow 19-1704] No user IP repositories specified
INFO: [IP_Flow 19-2313] Loaded Vivado IP repository 'D:/Xilinx/Vivado/2018.3/data/ip'.
open_project: Time (s): cpu = 00:00:15 ; elapsed = 00:00:07 . Memory (MB): peak = 725.805 ; gain = 113.570
update_compile_order -fileset sources_1
exit
INFO: [Common 17-206] Exiting Vivado at Tue Jan 12 22:57:17 2021...
