#-----------------------------------------------------------
# Vivado v2018.3 (64-bit)
# SW Build 2405991 on Thu Dec  6 23:38:27 MST 2018
# IP Build 2404404 on Fri Dec  7 01:43:56 MST 2018
# Start of session at: Thu Jan 14 22:41:36 2021
# Process ID: 2600
# Current directory: E:/zynq_project/PL_project
# Command line: vivado.exe -gui_launcher_event rodinguilauncherevent9236 E:\zynq_project\PL_project\zynq7010_fpga.xpr
# Log file: E:/zynq_project/PL_project/vivado.log
# Journal file: E:/zynq_project/PL_project\vivado.jou
#-----------------------------------------------------------
start_gui
open_project E:/zynq_project/PL_project/zynq7010_fpga.xpr
INFO: [Project 1-313] Project file moved from 'E:/zynq7010/zynq7010_fpga' since last save.
Scanning sources...
Finished scanning sources
INFO: [IP_Flow 19-234] Refreshing IP repositories
INFO: [IP_Flow 19-1704] No user IP repositories specified
INFO: [IP_Flow 19-2313] Loaded Vivado IP repository 'D:/Xilinx/Vivado/2018.3/data/ip'.
open_project: Time (s): cpu = 00:00:14 ; elapsed = 00:00:06 . Memory (MB): peak = 721.031 ; gain = 110.047
update_compile_order -fileset sources_1
exit
INFO: [Common 17-206] Exiting Vivado at Thu Jan 14 22:42:25 2021...
