#-----------------------------------------------------------
# Vivado v2018.3 (64-bit)
# SW Build 2405991 on Thu Dec  6 23:38:27 MST 2018
# IP Build 2404404 on Fri Dec  7 01:43:56 MST 2018
# Start of session at: Sun Jan  3 22:43:41 2021
# Process ID: 7244
# Current directory: E:/zynq7010/vivado_project
# Command line: vivado.exe -gui_launcher_event rodinguilauncherevent13180 E:\zynq7010\vivado_project\vivado_project.xpr
# Log file: E:/zynq7010/vivado_project/vivado.log
# Journal file: E:/zynq7010/vivado_project\vivado.jou
#-----------------------------------------------------------
start_gui
open_project E:/zynq7010/vivado_project/vivado_project.xpr
Scanning sources...
Finished scanning sources
INFO: [IP_Flow 19-234] Refreshing IP repositories
INFO: [IP_Flow 19-1704] No user IP repositories specified
INFO: [IP_Flow 19-2313] Loaded Vivado IP repository 'D:/Xilinx/Vivado/2018.3/data/ip'.
open_project: Time (s): cpu = 00:00:16 ; elapsed = 00:00:17 . Memory (MB): peak = 750.707 ; gain = 179.215
update_compile_order -fileset sources_1
exit
INFO: [Common 17-206] Exiting Vivado at Mon Jan  4 00:26:27 2021...
