#-----------------------------------------------------------
# Vivado v2018.3 (64-bit)
# SW Build 2405991 on Thu Dec  6 23:38:27 MST 2018
# IP Build 2404404 on Fri Dec  7 01:43:56 MST 2018
# Start of session at: Tue Jan  5 23:40:00 2021
# Process ID: 4220
# Current directory: E:/zynq7010/vivado_project
# Command line: vivado.exe -gui_launcher_event rodinguilauncherevent10596 E:\zynq7010\vivado_project\vivado_project.xpr
# Log file: E:/zynq7010/vivado_project/vivado.log
# Journal file: E:/zynq7010/vivado_project\vivado.jou
#-----------------------------------------------------------
start_gui
open_project E:/zynq7010/vivado_project/vivado_project.xpr
Scanning sources...
Finished scanning sources
INFO: [IP_Flow 19-234] Refreshing IP repositories
INFO: [IP_Flow 19-1704] No user IP repositories specified
INFO: [IP_Flow 19-2313] Loaded Vivado IP repository 'D:/Xilinx/Vivado/2018.3/data/ip'.
open_project: Time (s): cpu = 00:00:14 ; elapsed = 00:00:19 . Memory (MB): peak = 759.824 ; gain = 136.555
update_compile_order -fileset sources_1
open_bd_design {E:/zynq7010/vivado_project/vivado_project.srcs/sources_1/bd/design_1/design_1.bd}
Adding cell -- xilinx.com:ip:processing_system7:5.5 - processing_system7_0
Successfully read diagram <design_1> from BD file <E:/zynq7010/vivado_project/vivado_project.srcs/sources_1/bd/design_1/design_1.bd>
WARNING: [IP_Flow 19-474] Invalid Parameter 'Component_Name'
exit
INFO: [Common 17-206] Exiting Vivado at Tue Jan  5 23:50:09 2021...
